<?xml version="1.0" encoding="UTF-8"?>
<testng-results ignored="0" total="12" passed="11" failed="1" skipped="0">
  <reporter-output>
  </reporter-output>
  <suite started-at="2020-09-17T15:43:57 IST" name="FreeCrm" finished-at="2020-09-17T15:47:45 IST" duration-ms="227788">
    <groups>
    </groups>
    <test started-at="2020-09-17T15:43:57 IST" name="Test" finished-at="2020-09-17T15:47:45 IST" duration-ms="227788">
      <class name="com.crm.qa.testcases.LoginPageTestCase">
        <test-method is-config="true" signature="setUp()[pri:0, instance:com.crm.qa.testcases.LoginPageTestCase@441772e]" started-at="2020-09-17T15:43:57 IST" name="setUp" finished-at="2020-09-17T15:44:09 IST" duration-ms="12386" status="PASS">
          <reporter-output>
          </reporter-output>
        </test-method> <!-- setUp -->
        <test-method signature="loginPageTitleTest()[pri:1, instance:com.crm.qa.testcases.LoginPageTestCase@441772e]" started-at="2020-09-17T15:44:09 IST" name="loginPageTitleTest" finished-at="2020-09-17T15:44:10 IST" duration-ms="511" status="FAIL">
          <exception class="java.lang.AssertionError">
            <message>
              <![CDATA[expected [Free CRM #1 cloud software for any business large or small] but found [CRM says…]]]>
            </message>
            <full-stacktrace>
              <![CDATA[java.lang.AssertionError: expected [Free CRM #1 cloud software for any business large or small] but found [CRM says…]
at org.testng.Assert.fail(Assert.java:99)
at org.testng.Assert.failNotEquals(Assert.java:1037)
at org.testng.Assert.assertEqualsImpl(Assert.java:140)
at org.testng.Assert.assertEquals(Assert.java:122)
at org.testng.Assert.assertEquals(Assert.java:629)
at org.testng.Assert.assertEquals(Assert.java:639)
at com.crm.qa.testcases.LoginPageTestCase.loginPageTitleTest(LoginPageTestCase.java:31)
at java.base/jdk.internal.reflect.NativeMethodAccessorImpl.invoke0(Native Method)
at java.base/jdk.internal.reflect.NativeMethodAccessorImpl.invoke(NativeMethodAccessorImpl.java:62)
at java.base/jdk.internal.reflect.DelegatingMethodAccessorImpl.invoke(DelegatingMethodAccessorImpl.java:43)
at java.base/java.lang.reflect.Method.invoke(Method.java:564)
at org.testng.internal.MethodInvocationHelper.invokeMethod(MethodInvocationHelper.java:132)
at org.testng.internal.TestInvoker.invokeMethod(TestInvoker.java:599)
at org.testng.internal.TestInvoker.invokeTestMethod(TestInvoker.java:174)
at org.testng.internal.MethodRunner.runInSequence(MethodRunner.java:46)
at org.testng.internal.TestInvoker$MethodInvocationAgent.invoke(TestInvoker.java:822)
at org.testng.internal.TestInvoker.invokeTestMethods(TestInvoker.java:147)
at org.testng.internal.TestMethodWorker.invokeTestMethods(TestMethodWorker.java:146)
at org.testng.internal.TestMethodWorker.run(TestMethodWorker.java:128)
at java.base/java.util.ArrayList.forEach(ArrayList.java:1511)
at org.testng.TestRunner.privateRun(TestRunner.java:764)
at org.testng.TestRunner.run(TestRunner.java:585)
at org.testng.SuiteRunner.runTest(SuiteRunner.java:384)
at org.testng.SuiteRunner.runSequentially(SuiteRunner.java:378)
at org.testng.SuiteRunner.privateRun(SuiteRunner.java:337)
at org.testng.SuiteRunner.run(SuiteRunner.java:286)
at org.testng.SuiteRunnerWorker.runSuite(SuiteRunnerWorker.java:53)
at org.testng.SuiteRunnerWorker.run(SuiteRunnerWorker.java:96)
at org.testng.TestNG.runSuitesSequentially(TestNG.java:1218)
at org.testng.TestNG.runSuitesLocally(TestNG.java:1140)
at org.testng.TestNG.runSuites(TestNG.java:1069)
at org.testng.TestNG.run(TestNG.java:1037)
at org.testng.remote.AbstractRemoteTestNG.run(AbstractRemoteTestNG.java:115)
at org.testng.remote.RemoteTestNG.initAndRun(RemoteTestNG.java:251)
at org.testng.remote.RemoteTestNG.main(RemoteTestNG.java:77)
]]>
            </full-stacktrace>
          </exception> <!-- java.lang.AssertionError -->
          <reporter-output>
          </reporter-output>
        </test-method> <!-- loginPageTitleTest -->
        <test-method is-config="true" signature="tearDown()[pri:0, instance:com.crm.qa.testcases.LoginPageTestCase@441772e]" started-at="2020-09-17T15:44:10 IST" name="tearDown" finished-at="2020-09-17T15:44:11 IST" duration-ms="1239" status="PASS">
          <reporter-output>
          </reporter-output>
        </test-method> <!-- tearDown -->
        <test-method is-config="true" signature="setUp()[pri:0, instance:com.crm.qa.testcases.LoginPageTestCase@441772e]" started-at="2020-09-17T15:44:11 IST" name="setUp" finished-at="2020-09-17T15:44:20 IST" duration-ms="9201" status="PASS">
          <reporter-output>
          </reporter-output>
        </test-method> <!-- setUp -->
        <test-method signature="crmLogoImageTest()[pri:2, instance:com.crm.qa.testcases.LoginPageTestCase@441772e]" started-at="2020-09-17T15:44:20 IST" name="crmLogoImageTest" finished-at="2020-09-17T15:44:21 IST" duration-ms="192" status="PASS">
          <reporter-output>
          </reporter-output>
        </test-method> <!-- crmLogoImageTest -->
        <test-method is-config="true" signature="tearDown()[pri:0, instance:com.crm.qa.testcases.LoginPageTestCase@441772e]" started-at="2020-09-17T15:44:21 IST" name="tearDown" finished-at="2020-09-17T15:44:22 IST" duration-ms="1280" status="PASS">
          <reporter-output>
          </reporter-output>
        </test-method> <!-- tearDown -->
        <test-method is-config="true" signature="setUp()[pri:0, instance:com.crm.qa.testcases.LoginPageTestCase@441772e]" started-at="2020-09-17T15:44:22 IST" name="setUp" finished-at="2020-09-17T15:44:30 IST" duration-ms="8439" status="PASS">
          <reporter-output>
          </reporter-output>
        </test-method> <!-- setUp -->
        <test-method signature="loginTest()[pri:3, instance:com.crm.qa.testcases.LoginPageTestCase@441772e]" started-at="2020-09-17T15:44:30 IST" name="loginTest" finished-at="2020-09-17T15:44:36 IST" duration-ms="5776" status="PASS">
          <reporter-output>
          </reporter-output>
        </test-method> <!-- loginTest -->
        <test-method is-config="true" signature="tearDown()[pri:0, instance:com.crm.qa.testcases.LoginPageTestCase@441772e]" started-at="2020-09-17T15:44:36 IST" name="tearDown" finished-at="2020-09-17T15:44:38 IST" duration-ms="2036" status="PASS">
          <reporter-output>
          </reporter-output>
        </test-method> <!-- tearDown -->
      </class> <!-- com.crm.qa.testcases.LoginPageTestCase -->
      <class name="com.crm.qa.testcases.HomePageTestCase">
        <test-method is-config="true" signature="setUp()[pri:0, instance:com.crm.qa.testcases.HomePageTestCase@7334aada]" started-at="2020-09-17T15:44:38 IST" name="setUp" finished-at="2020-09-17T15:44:54 IST" duration-ms="16203" status="PASS">
          <reporter-output>
          </reporter-output>
        </test-method> <!-- setUp -->
        <test-method signature="verifyHomePageTitleTest()[pri:1, instance:com.crm.qa.testcases.HomePageTestCase@7334aada]" started-at="2020-09-17T15:44:54 IST" name="verifyHomePageTitleTest" finished-at="2020-09-17T15:44:54 IST" duration-ms="27" status="PASS">
          <reporter-output>
          </reporter-output>
        </test-method> <!-- verifyHomePageTitleTest -->
        <test-method is-config="true" signature="tearDown()[pri:0, instance:com.crm.qa.testcases.HomePageTestCase@7334aada]" started-at="2020-09-17T15:44:54 IST" name="tearDown" finished-at="2020-09-17T15:44:56 IST" duration-ms="1397" status="PASS">
          <reporter-output>
          </reporter-output>
        </test-method> <!-- tearDown -->
        <test-method is-config="true" signature="setUp()[pri:0, instance:com.crm.qa.testcases.HomePageTestCase@7334aada]" started-at="2020-09-17T15:44:56 IST" name="setUp" finished-at="2020-09-17T15:45:11 IST" duration-ms="15409" status="PASS">
          <reporter-output>
          </reporter-output>
        </test-method> <!-- setUp -->
        <test-method signature="verifyUserNameTest()[pri:2, instance:com.crm.qa.testcases.HomePageTestCase@7334aada]" started-at="2020-09-17T15:45:11 IST" name="verifyUserNameTest" finished-at="2020-09-17T15:45:13 IST" duration-ms="2324" status="PASS">
          <reporter-output>
          </reporter-output>
        </test-method> <!-- verifyUserNameTest -->
        <test-method is-config="true" signature="tearDown()[pri:0, instance:com.crm.qa.testcases.HomePageTestCase@7334aada]" started-at="2020-09-17T15:45:13 IST" name="tearDown" finished-at="2020-09-17T15:45:15 IST" duration-ms="1334" status="PASS">
          <reporter-output>
          </reporter-output>
        </test-method> <!-- tearDown -->
        <test-method is-config="true" signature="setUp()[pri:0, instance:com.crm.qa.testcases.HomePageTestCase@7334aada]" started-at="2020-09-17T15:45:15 IST" name="setUp" finished-at="2020-09-17T15:45:30 IST" duration-ms="14812" status="PASS">
          <reporter-output>
          </reporter-output>
        </test-method> <!-- setUp -->
        <test-method signature="verifyContactTest()[pri:3, instance:com.crm.qa.testcases.HomePageTestCase@7334aada]" started-at="2020-09-17T15:45:30 IST" name="verifyContactTest" finished-at="2020-09-17T15:45:32 IST" duration-ms="2678" status="PASS">
          <reporter-output>
          </reporter-output>
        </test-method> <!-- verifyContactTest -->
        <test-method is-config="true" signature="tearDown()[pri:0, instance:com.crm.qa.testcases.HomePageTestCase@7334aada]" started-at="2020-09-17T15:45:32 IST" name="tearDown" finished-at="2020-09-17T15:45:34 IST" duration-ms="1478" status="PASS">
          <reporter-output>
          </reporter-output>
        </test-method> <!-- tearDown -->
      </class> <!-- com.crm.qa.testcases.HomePageTestCase -->
      <class name="com.crm.qa.testcases.ContactsPageTestCase">
        <test-method is-config="true" signature="setUp()[pri:0, instance:com.crm.qa.testcases.ContactsPageTestCase@1d9b7cce]" started-at="2020-09-17T15:45:34 IST" name="setUp" finished-at="2020-09-17T15:45:52 IST" duration-ms="18579" status="PASS">
          <reporter-output>
          </reporter-output>
        </test-method> <!-- setUp -->
        <test-method signature="verifyConatactsLabelTest()[pri:1, instance:com.crm.qa.testcases.ContactsPageTestCase@1d9b7cce]" started-at="2020-09-17T15:45:52 IST" name="verifyConatactsLabelTest" finished-at="2020-09-17T15:45:53 IST" duration-ms="162" status="PASS">
          <reporter-output>
          </reporter-output>
        </test-method> <!-- verifyConatactsLabelTest -->
        <test-method is-config="true" signature="tearDown()[pri:0, instance:com.crm.qa.testcases.ContactsPageTestCase@1d9b7cce]" started-at="2020-09-17T15:45:53 IST" name="tearDown" finished-at="2020-09-17T15:45:54 IST" duration-ms="1413" status="PASS">
          <reporter-output>
          </reporter-output>
        </test-method> <!-- tearDown -->
        <test-method is-config="true" signature="setUp()[pri:0, instance:com.crm.qa.testcases.ContactsPageTestCase@1d9b7cce]" started-at="2020-09-17T15:45:54 IST" name="setUp" finished-at="2020-09-17T15:46:11 IST" duration-ms="17337" status="PASS">
          <reporter-output>
          </reporter-output>
        </test-method> <!-- setUp -->
        <test-method signature="selectContact()[pri:2, instance:com.crm.qa.testcases.ContactsPageTestCase@1d9b7cce]" started-at="2020-09-17T15:46:11 IST" name="selectContact" finished-at="2020-09-17T15:46:13 IST" duration-ms="1667" status="PASS">
          <reporter-output>
          </reporter-output>
        </test-method> <!-- selectContact -->
        <test-method is-config="true" signature="tearDown()[pri:0, instance:com.crm.qa.testcases.ContactsPageTestCase@1d9b7cce]" started-at="2020-09-17T15:46:13 IST" name="tearDown" finished-at="2020-09-17T15:46:14 IST" duration-ms="1302" status="PASS">
          <reporter-output>
          </reporter-output>
        </test-method> <!-- tearDown -->
        <test-method is-config="true" signature="setUp()[pri:0, instance:com.crm.qa.testcases.ContactsPageTestCase@1d9b7cce]" started-at="2020-09-17T15:46:14 IST" name="setUp" finished-at="2020-09-17T15:46:32 IST" duration-ms="17547" status="PASS">
          <reporter-output>
          </reporter-output>
        </test-method> <!-- setUp -->
        <test-method signature="selectMultipleContacts()[pri:3, instance:com.crm.qa.testcases.ContactsPageTestCase@1d9b7cce]" started-at="2020-09-17T15:46:32 IST" name="selectMultipleContacts" finished-at="2020-09-17T15:46:33 IST" duration-ms="1496" status="PASS">
          <reporter-output>
          </reporter-output>
        </test-method> <!-- selectMultipleContacts -->
        <test-method is-config="true" signature="tearDown()[pri:0, instance:com.crm.qa.testcases.ContactsPageTestCase@1d9b7cce]" started-at="2020-09-17T15:46:33 IST" name="tearDown" finished-at="2020-09-17T15:46:35 IST" duration-ms="1325" status="PASS">
          <reporter-output>
          </reporter-output>
        </test-method> <!-- tearDown -->
        <test-method is-config="true" signature="setUp()[pri:0, instance:com.crm.qa.testcases.ContactsPageTestCase@1d9b7cce]" started-at="2020-09-17T15:46:36 IST" name="setUp" finished-at="2020-09-17T15:46:52 IST" duration-ms="16596" status="PASS">
          <reporter-output>
          </reporter-output>
        </test-method> <!-- setUp -->
        <test-method signature="validateCreateNewContact(java.lang.String, java.lang.String, java.lang.String)[pri:4, instance:com.crm.qa.testcases.ContactsPageTestCase@1d9b7cce]" started-at="2020-09-17T15:46:52 IST" name="validateCreateNewContact" data-provider="getCrmTestData" finished-at="2020-09-17T15:46:55 IST" duration-ms="3171" status="PASS">
          <params>
            <param index="0">
              <value>
                <![CDATA[tom]]>
              </value>
            </param>
            <param index="1">
              <value>
                <![CDATA[k]]>
              </value>
            </param>
            <param index="2">
              <value>
                <![CDATA[Lead]]>
              </value>
            </param>
          </params>
          <reporter-output>
          </reporter-output>
        </test-method> <!-- validateCreateNewContact -->
        <test-method is-config="true" signature="tearDown()[pri:0, instance:com.crm.qa.testcases.ContactsPageTestCase@1d9b7cce]" started-at="2020-09-17T15:46:55 IST" name="tearDown" finished-at="2020-09-17T15:46:58 IST" duration-ms="2647" status="PASS">
          <reporter-output>
          </reporter-output>
        </test-method> <!-- tearDown -->
        <test-method is-config="true" signature="setUp()[pri:0, instance:com.crm.qa.testcases.ContactsPageTestCase@1d9b7cce]" started-at="2020-09-17T15:46:58 IST" name="setUp" finished-at="2020-09-17T15:47:17 IST" duration-ms="18569" status="PASS">
          <reporter-output>
          </reporter-output>
        </test-method> <!-- setUp -->
        <test-method signature="validateCreateNewContact(java.lang.String, java.lang.String, java.lang.String)[pri:4, instance:com.crm.qa.testcases.ContactsPageTestCase@1d9b7cce]" started-at="2020-09-17T15:47:17 IST" name="validateCreateNewContact" data-provider="getCrmTestData" finished-at="2020-09-17T15:47:19 IST" duration-ms="2518" status="PASS">
          <params>
            <param index="0">
              <value>
                <![CDATA[peter]]>
              </value>
            </param>
            <param index="1">
              <value>
                <![CDATA[j]]>
              </value>
            </param>
            <param index="2">
              <value>
                <![CDATA[Lead]]>
              </value>
            </param>
          </params>
          <reporter-output>
          </reporter-output>
        </test-method> <!-- validateCreateNewContact -->
        <test-method is-config="true" signature="tearDown()[pri:0, instance:com.crm.qa.testcases.ContactsPageTestCase@1d9b7cce]" started-at="2020-09-17T15:47:19 IST" name="tearDown" finished-at="2020-09-17T15:47:21 IST" duration-ms="1465" status="PASS">
          <reporter-output>
          </reporter-output>
        </test-method> <!-- tearDown -->
        <test-method is-config="true" signature="setUp()[pri:0, instance:com.crm.qa.testcases.ContactsPageTestCase@1d9b7cce]" started-at="2020-09-17T15:47:21 IST" name="setUp" finished-at="2020-09-17T15:47:39 IST" duration-ms="18233" status="PASS">
          <reporter-output>
          </reporter-output>
        </test-method> <!-- setUp -->
        <test-method signature="validateCreateNewContact(java.lang.String, java.lang.String, java.lang.String)[pri:4, instance:com.crm.qa.testcases.ContactsPageTestCase@1d9b7cce]" started-at="2020-09-17T15:47:39 IST" name="validateCreateNewContact" data-provider="getCrmTestData" finished-at="2020-09-17T15:47:43 IST" duration-ms="4122" status="PASS">
          <params>
            <param index="0">
              <value>
                <![CDATA[soniya]]>
              </value>
            </param>
            <param index="1">
              <value>
                <![CDATA[m]]>
              </value>
            </param>
            <param index="2">
              <value>
                <![CDATA[Customer]]>
              </value>
            </param>
          </params>
          <reporter-output>
          </reporter-output>
        </test-method> <!-- validateCreateNewContact -->
        <test-method is-config="true" signature="tearDown()[pri:0, instance:com.crm.qa.testcases.ContactsPageTestCase@1d9b7cce]" started-at="2020-09-17T15:47:43 IST" name="tearDown" finished-at="2020-09-17T15:47:45 IST" duration-ms="1620" status="PASS">
          <reporter-output>
          </reporter-output>
        </test-method> <!-- tearDown -->
      </class> <!-- com.crm.qa.testcases.ContactsPageTestCase -->
    </test> <!-- Test -->
  </suite> <!-- FreeCrm -->
</testng-results>
